2025-06-03 03:26:45,006 - INFO - Starting backup of C:/Dat/@Scripts/@TRUCONTEXT-DEMO
2025-06-03 03:26:45,007 - INFO - Excluded directories: C:/Dat/@Scripts/@TRUCONTEXT-DEMO/.next, C:/Dat/@Scripts/@TRUCONTEXT-DEMO/node_modules, C:/Dat/@Scripts/TRUCONTEXT-DEMO/.git
2025-06-03 03:26:45,009 - INFO - Excluded files: *~, *.zip
2025-06-03 03:26:45,011 - INFO - Creating backup file: C:/Dat/@Scripts/@OLD/@TRUCONTEXT-DEMO_2025-06-03_03-26-45_BEFOREUIUPDATE.zip
2025-06-03 03:26:45,016 - INFO - Excluding directory: C:/Dat/@Scripts/@TRUCONTEXT-DEMO\.next (matches exclusion rule: C:/Dat/@Scripts/@TRUCONTEXT-DEMO/.next)
2025-06-03 03:26:45,017 - INFO - Excluding directory: C:/Dat/@Scripts/@TRUCONTEXT-DEMO\node_modules (matches exclusion rule: C:/Dat/@Scripts/@TRUCONTEXT-DEMO/node_modules)
2025-06-03 03:26:45,059 - INFO - Excluding directory: C:/Dat/@Scripts/@TRUCONTEXT-DEMO\.next (matches exclusion rule: C:/Dat/@Scripts/@TRUCONTEXT-DEMO/.next)
2025-06-03 03:26:45,061 - INFO - Excluding directory: C:/Dat/@Scripts/@TRUCONTEXT-DEMO\node_modules (matches exclusion rule: C:/Dat/@Scripts/@TRUCONTEXT-DEMO/node_modules)
2025-06-03 03:26:45,075 - INFO - [0.7%] Adding: .env
2025-06-03 03:26:45,077 - INFO - [1.4%] Adding: .env.local
2025-06-03 03:26:45,082 - INFO - [2.2%] Adding: .gitignore
2025-06-03 03:26:45,085 - INFO - [2.9%] Adding: backup.bat
2025-06-03 03:26:45,087 - INFO - [3.6%] Adding: dataset-upload-guide.md
2025-06-03 03:26:45,088 - INFO - [4.3%] Adding: DEPLOYMENT.md
2025-06-03 03:26:45,090 - INFO - [5.0%] Adding: next-env.d.ts
2025-06-03 03:26:45,099 - INFO - [5.8%] Adding: next.config.js
2025-06-03 03:26:45,100 - INFO - [6.5%] Adding: package-lock.json
2025-06-03 03:26:45,110 - INFO - [7.2%] Adding: package.json
2025-06-03 03:26:45,111 - INFO - [7.9%] Adding: README.md
2025-06-03 03:26:45,113 - INFO - [8.6%] Adding: sample-dataset.json
2025-06-03 03:26:45,114 - INFO - [9.4%] Adding: setup.js
2025-06-03 03:26:45,116 - INFO - [10.1%] Adding: tsconfig.json
2025-06-03 03:26:45,119 - INFO - [10.8%] Adding: vercel.json
2025-06-03 03:26:45,121 - INFO - [11.5%] Adding: .git\COMMIT_EDITMSG
2025-06-03 03:26:45,155 - INFO - [12.2%] Adding: .git\config
2025-06-03 03:26:45,157 - INFO - [12.9%] Adding: .git\description
2025-06-03 03:26:45,159 - INFO - [13.7%] Adding: .git\FETCH_HEAD
2025-06-03 03:26:45,177 - INFO - [14.4%] Adding: .git\HEAD
2025-06-03 03:26:45,190 - INFO - [15.1%] Adding: .git\index
2025-06-03 03:26:45,193 - INFO - [15.8%] Adding: .git\hooks\applypatch-msg.sample
2025-06-03 03:26:45,212 - INFO - [16.5%] Adding: .git\hooks\commit-msg.sample
2025-06-03 03:26:45,218 - INFO - [17.3%] Adding: .git\hooks\fsmonitor-watchman.sample
2025-06-03 03:26:45,221 - INFO - [18.0%] Adding: .git\hooks\post-update.sample
2025-06-03 03:26:45,224 - INFO - [18.7%] Adding: .git\hooks\pre-applypatch.sample
2025-06-03 03:26:45,250 - INFO - [19.4%] Adding: .git\hooks\pre-commit.sample
2025-06-03 03:26:45,262 - INFO - [20.1%] Adding: .git\hooks\pre-merge-commit.sample
2025-06-03 03:26:45,266 - INFO - [20.9%] Adding: .git\hooks\pre-push.sample
2025-06-03 03:26:45,270 - INFO - [21.6%] Adding: .git\hooks\pre-rebase.sample
2025-06-03 03:26:45,272 - INFO - [22.3%] Adding: .git\hooks\pre-receive.sample
2025-06-03 03:26:45,275 - INFO - [23.0%] Adding: .git\hooks\prepare-commit-msg.sample
2025-06-03 03:26:45,276 - INFO - [23.7%] Adding: .git\hooks\push-to-checkout.sample
2025-06-03 03:26:45,278 - INFO - [24.5%] Adding: .git\hooks\sendemail-validate.sample
2025-06-03 03:26:45,281 - INFO - [25.2%] Adding: .git\hooks\update.sample
2025-06-03 03:26:45,292 - INFO - [25.9%] Adding: .git\info\exclude
2025-06-03 03:26:45,294 - INFO - [26.6%] Adding: .git\logs\HEAD
2025-06-03 03:26:45,297 - INFO - [27.3%] Adding: .git\logs\refs\heads\main
2025-06-03 03:26:45,306 - INFO - [28.1%] Adding: .git\logs\refs\remotes\origin\HEAD
2025-06-03 03:26:45,316 - INFO - [28.8%] Adding: .git\logs\refs\remotes\origin\main
2025-06-03 03:26:45,341 - INFO - [29.5%] Adding: .git\objects\03\cd92de0eb3253765adbb9bc89e7f8340fa64a4
2025-06-03 03:26:45,350 - INFO - [30.2%] Adding: .git\objects\05\19ecba6ea913e21689ec692e81e9e4973fbf73
2025-06-03 03:26:45,352 - INFO - [30.9%] Adding: .git\objects\0b\bb69b5b42d891423da55b5685d15ca5f10b594
2025-06-03 03:26:45,359 - INFO - [31.7%] Adding: .git\objects\12\23198b143bfb52ddfd3d9d2e410430f9291c82
2025-06-03 03:26:45,368 - INFO - [32.4%] Adding: .git\objects\14\575a637b962f64d7580b9d40ca767413d774da
2025-06-03 03:26:45,370 - INFO - [33.1%] Adding: .git\objects\15\f1d07be35fb4c3d835e5562c415b2fd49636cc
2025-06-03 03:26:45,374 - INFO - [33.8%] Adding: .git\objects\21\aae4763ad4766b8b71cc41d9f955813bb371e4
2025-06-03 03:26:45,377 - INFO - [34.5%] Adding: .git\objects\24\1c894a09f8353c0ebff59f6a164bf691001c8d
2025-06-03 03:26:45,534 - INFO - [35.3%] Adding: .git\objects\26\b039a0b3c47f30dac0e061ebffa725b8af0260
2025-06-03 03:26:45,536 - INFO - [36.0%] Adding: .git\objects\27\1388564793039ad53a3842e3098eab2f8adcd1
2025-06-03 03:26:45,538 - INFO - [36.7%] Adding: .git\objects\2c\58643efd42a873cc72e4c9605582e00d70feac
2025-06-03 03:26:45,540 - INFO - [37.4%] Adding: .git\objects\32\82864b8827c9d11df39731ed9f7fb77b1962a7
2025-06-03 03:26:45,555 - INFO - [38.1%] Adding: .git\objects\33\e33aa6e8fa9e3a9fd72c044028ffba669321a8
2025-06-03 03:26:45,559 - INFO - [38.8%] Adding: .git\objects\37\07c947f5d062024e3696827c1c3262b7446375
2025-06-03 03:26:45,575 - INFO - [39.6%] Adding: .git\objects\38\d31b61fbb0482ce267838d4e2adb45c8cb9dac
2025-06-03 03:26:45,606 - INFO - [40.3%] Adding: .git\objects\3a\24409be126e8e4ce6bf359cd7c1dbea2eae583
2025-06-03 03:26:45,609 - INFO - [41.0%] Adding: .git\objects\3e\235d3e90294cb48be7b62cad90bc80f8b4b02e
2025-06-03 03:26:45,612 - INFO - [41.7%] Adding: .git\objects\3e\a7383e5a24f6d26904f51b6f6df2d0bcda1f77
2025-06-03 03:26:45,623 - INFO - [42.4%] Adding: .git\objects\48\5f267acad6656c714730ca50687f89bd5dd892
2025-06-03 03:26:45,635 - INFO - [43.2%] Adding: .git\objects\4c\dac119e138faf0e07d3acc938d2647aa3cce8a
2025-06-03 03:26:45,653 - INFO - [43.9%] Adding: .git\objects\54\5ba296e43c49123d255a7c0ed779fe4e8a9a68
2025-06-03 03:26:45,662 - INFO - [44.6%] Adding: .git\objects\54\8177e59c2dd423b29ff5e03bf5612dc4503c5a
2025-06-03 03:26:45,666 - INFO - [45.3%] Adding: .git\objects\56\8e5486037164b470426b880ebd720e84a0a6b2
2025-06-03 03:26:45,674 - INFO - [46.0%] Adding: .git\objects\56\94fac12956d635e4530f7360e568231fceb6e0
2025-06-03 03:26:45,703 - INFO - [46.8%] Adding: .git\objects\57\4cb23a37012f2b6f322578db51bc3a3f6165df
2025-06-03 03:26:45,707 - INFO - [47.5%] Adding: .git\objects\59\52ea31339fc66499639d7476608e8157914a51
2025-06-03 03:26:45,747 - INFO - [48.2%] Adding: .git\objects\61\3754cfaf74a7a2d86984231479d5671731f18a
2025-06-03 03:26:45,775 - INFO - [48.9%] Adding: .git\objects\65\27f7ded54efec68d2fc276c677a2231a6df564
2025-06-03 03:26:45,875 - INFO - [49.6%] Adding: .git\objects\65\384ad868c44775a4401704b65cf4f4c1a3f2f3
2025-06-03 03:26:45,959 - INFO - [50.4%] Adding: .git\objects\65\d5070ff80910b9c55cc90b6d7e8f341b5375a3
2025-06-03 03:26:45,962 - INFO - [51.1%] Adding: .git\objects\6f\2ad4750e32173f78efb7da4dda24792b6565a0
2025-06-03 03:26:46,038 - INFO - [51.8%] Adding: .git\objects\6f\57051f94dc97356d82b86ec42f1ca7263f63b8
2025-06-03 03:26:46,054 - INFO - [52.5%] Adding: .git\objects\71\01727acdd4b497ddcdebbc955fcd1a8f035198
2025-06-03 03:26:46,057 - INFO - [53.2%] Adding: .git\objects\71\f3b681409a451a8b7e1219ecffab74c17e57cf
2025-06-03 03:26:46,059 - INFO - [54.0%] Adding: .git\objects\77\9145132d8352fb7d607014be1d9c0cd60979c1
2025-06-03 03:26:46,062 - INFO - [54.7%] Adding: .git\objects\7a\e65ea81cccc397b479608f2a320c143133fe66
2025-06-03 03:26:46,077 - INFO - [55.4%] Adding: .git\objects\7b\511d5a60ee2948e62302cf1b71d2af6ebc9b6c
2025-06-03 03:26:46,097 - INFO - [56.1%] Adding: .git\objects\7b\ba4262fa2ee2ecd4bb81be7113b06962895347
2025-06-03 03:26:46,105 - INFO - [56.8%] Adding: .git\objects\7e\b98fcb0e6ed759578530533e4bcdf86e6b065e
2025-06-03 03:26:46,118 - INFO - [57.6%] Adding: .git\objects\7f\66f2c86868ce80f6c18c6ff3ec8fff2f87c7d7
2025-06-03 03:26:46,128 - INFO - [58.3%] Adding: .git\objects\82\efba8a8f0e94ad5e29d86e03fbe173ce99abd1
2025-06-03 03:26:46,134 - INFO - [59.0%] Adding: .git\objects\8d\edf854179699720fe2b185ebad5bd109d1d8e4
2025-06-03 03:26:46,142 - INFO - [59.7%] Adding: .git\objects\8f\3c4e173b89fd25b522d2971e044b9361b7f4a0
2025-06-03 03:26:46,210 - INFO - [60.4%] Adding: .git\objects\a8\00aabe96c2dde2dd286afb277047a1c5e2bc37
2025-06-03 03:26:46,221 - INFO - [61.2%] Adding: .git\objects\a9\e67d7770c8e50fff14db3d6ca6b9eab86a2eee
2025-06-03 03:26:46,226 - INFO - [61.9%] Adding: .git\objects\ac\f674d0277d0580120c6bec66a139058f0acf5f
2025-06-03 03:26:46,228 - INFO - [62.6%] Adding: .git\objects\b0\29aebafa2002cc8e1171ae16fa30d8b2305c69
2025-06-03 03:26:46,234 - INFO - [63.3%] Adding: .git\objects\b3\051f7893d0bb0ac39a0ec85b8892d712e74387
2025-06-03 03:26:46,236 - INFO - [64.0%] Adding: .git\objects\b5\21e3ec5fa4306d24784b88b6a8a758f0e5db27
2025-06-03 03:26:46,256 - INFO - [64.7%] Adding: .git\objects\b6\271aabdf5bdb434cdab1c8a5c36f3e347a6f93
2025-06-03 03:26:46,258 - INFO - [65.5%] Adding: .git\objects\b6\cc6f6ab6c38cc5db5fcebceb38d89a61ba1d84
2025-06-03 03:26:46,274 - INFO - [66.2%] Adding: .git\objects\c4\7481677400c2abf79ac189f9686cdfda103b86
2025-06-03 03:26:46,289 - INFO - [66.9%] Adding: .git\objects\c6\a9bcb0035b0ded1b19b499df0153e7404e4d1b
2025-06-03 03:26:46,320 - INFO - [67.6%] Adding: .git\objects\ca\8c4209b5a27470464cd235adfbd2641c65d142
2025-06-03 03:26:46,334 - INFO - [68.3%] Adding: .git\objects\d2\3cba6e68c5bf2465caccf4d7ef208015e876bc
2025-06-03 03:26:46,337 - INFO - [69.1%] Adding: .git\objects\d4\665bae089679d544f17077bd2af1eb9321dc56
2025-06-03 03:26:46,358 - INFO - [69.8%] Adding: .git\objects\d8\22a9df3ba9f48449dbf99e78ad69eb6b691544
2025-06-03 03:26:46,379 - INFO - [70.5%] Adding: .git\objects\d8\d542a355217d83294c7e97507d3d2fe57aed68
2025-06-03 03:26:46,407 - INFO - [71.2%] Adding: .git\objects\da\737b57f182ff67f27195b0def944cc2acff537
2025-06-03 03:26:46,410 - INFO - [71.9%] Adding: .git\objects\de\5324c17963b82a3a6dde4e770ff904c529e2b0
2025-06-03 03:26:46,418 - INFO - [72.7%] Adding: .git\objects\de\64222a7c2f20d9f2b8846294824dcd38afb5eb
2025-06-03 03:26:46,456 - INFO - [73.4%] Adding: .git\objects\e4\23d5a1d19d9a6cf82531965664ba61126ad546
2025-06-03 03:26:46,471 - INFO - [74.1%] Adding: .git\objects\ef\b5b0fb8f77023413f5327b9732abeea44f47fb
2025-06-03 03:26:46,484 - INFO - [74.8%] Adding: .git\objects\f1\0410857da5a4cc744e255f93fc430528399b3b
2025-06-03 03:26:46,489 - INFO - [75.5%] Adding: .git\objects\f4\3a9999814ee88368a845600f01f6b5e8668259
2025-06-03 03:26:46,497 - INFO - [76.3%] Adding: .git\objects\f6\098820527eb82e200ce0f8842e91473daa603d
2025-06-03 03:26:46,527 - INFO - [77.0%] Adding: .git\objects\f9\d19c6efe5193b22ba700cf84c5ae994389aeeb
2025-06-03 03:26:46,529 - INFO - [77.7%] Adding: .git\objects\fa\2a14ae3a913ecc456a4f71dd1a5deefae70fd7
2025-06-03 03:26:46,541 - INFO - [78.4%] Adding: .git\objects\fe\458a569e320fa30c6d370ddb7030fa21e8c316
2025-06-03 03:26:46,557 - INFO - [79.1%] Adding: .git\refs\heads\main
2025-06-03 03:26:46,559 - INFO - [79.9%] Adding: .git\refs\remotes\origin\HEAD
2025-06-03 03:26:46,565 - INFO - [80.6%] Adding: .git\refs\remotes\origin\main
2025-06-03 03:26:46,572 - INFO - [81.3%] Adding: components\FileUpload.tsx
2025-06-03 03:26:46,582 - INFO - [82.0%] Adding: components\GraphVisualization.tsx
2025-06-03 03:26:46,645 - INFO - [82.7%] Adding: components\Header.tsx
2025-06-03 03:26:46,661 - INFO - [83.5%] Adding: lib\neo4j.ts
2025-06-03 03:26:46,671 - INFO - [84.2%] Adding: lib\theme.ts
2025-06-03 03:26:46,685 - INFO - [84.9%] Adding: logs\backup_2025-06-03_01-51-04.log
2025-06-03 03:26:46,688 - INFO - [85.6%] Adding: logs\backup_2025-06-03_02-28-25.log
2025-06-03 03:26:46,728 - INFO - [86.3%] Adding: logs\backup_2025-06-03_03-26-44.log
2025-06-03 03:26:46,735 - INFO - [87.1%] Adding: pages\index.tsx
2025-06-03 03:26:46,742 - INFO - [87.8%] Adding: pages\_app.tsx
2025-06-03 03:26:46,752 - INFO - [88.5%] Adding: pages\_document.tsx
2025-06-03 03:26:46,760 - INFO - [89.2%] Adding: pages\api\graph.ts
2025-06-03 03:26:46,763 - INFO - [89.9%] Adding: pages\api\upload.ts
2025-06-03 03:26:46,773 - INFO - [90.6%] Adding: public\favicon.ico
2025-06-03 03:26:46,775 - INFO - [91.4%] Adding: public\icons\application.png
2025-06-03 03:26:46,777 - INFO - [92.1%] Adding: public\icons\client.png
2025-06-03 03:26:46,785 - INFO - [92.8%] Adding: public\icons\database.png
2025-06-03 03:26:46,828 - INFO - [93.5%] Adding: public\icons\entity.png
2025-06-03 03:26:46,834 - INFO - [94.2%] Adding: public\icons\firewall.png
2025-06-03 03:26:46,997 - INFO - [95.0%] Adding: public\icons\router.png
2025-06-03 03:26:47,002 - INFO - [95.7%] Adding: public\icons\server.png
2025-06-03 03:26:47,005 - INFO - [96.4%] Adding: public\icons\switch.png
2025-06-03 03:26:47,009 - INFO - [97.1%] Adding: public\icons\threatactor.png
2025-06-03 03:26:47,010 - INFO - [97.8%] Adding: public\icons\unknown.png
2025-06-03 03:26:47,024 - INFO - [98.6%] Adding: public\icons\user.png
2025-06-03 03:26:47,042 - INFO - [99.3%] Adding: public\icons\workstation.png
2025-06-03 03:26:47,062 - INFO - [100.0%] Adding: public\images\logo.png
2025-06-03 03:26:47,081 - INFO - Backup completed successfully: C:/Dat/@Scripts/@OLD/@TRUCONTEXT-DEMO_2025-06-03_03-26-45_BEFOREUIUPDATE.zip
2025-06-03 03:26:47,086 - INFO - Total files processed: 139
2025-06-03 03:26:47,089 - INFO - Log file created at: logs\backup_2025-06-03_03-26-44.log
